C:\Program Files\Microsoft Visual Studio\2022\Enterprise\MSBuild\Microsoft\VC\v170\Microsoft.CppBuild.targets(517,5): warning MSB8028: Katalog pośredni (x64\Debug\) zawiera pliki udostępnione z innego projektu (YoutubeOpenGL.vcxproj). Może to spowodować niepoprawne zachowanie podczas oczyszczania i ponownej kompilacji.
  Fruit.cpp
C:\Users\Kacper\Desktop\Snake_2023\Fruit.cpp(6,12): warning C4244: "argument": konwersja z "time_t" do "unsigned int", możliwa utrata danych
C:\Users\Kacper\Desktop\Snake_2023\Fruit.cpp(34,6): warning C4244: "=": konwersja z "int" do "GLfloat", możliwa utrata danych
C:\Users\Kacper\Desktop\Snake_2023\Fruit.cpp(35,6): warning C4244: "=": konwersja z "int" do "GLfloat", możliwa utrata danych
C:\Users\Kacper\Desktop\Snake_2023\Fruit.cpp(39,22): warning C4244: "=": konwersja z "double" do "GLfloat", możliwa utrata danych
C:\Users\Kacper\Desktop\Snake_2023\Fruit.cpp(40,22): warning C4244: "=": konwersja z "double" do "GLfloat", możliwa utrata danych
C:\Users\Kacper\Desktop\Snake_2023\Fruit.cpp(42,38): warning C4244: "=": konwersja z "double" do "GLfloat", możliwa utrata danych
C:\Users\Kacper\Desktop\Snake_2023\Fruit.cpp(43,22): warning C4244: "=": konwersja z "double" do "GLfloat", możliwa utrata danych
C:\Users\Kacper\Desktop\Snake_2023\Fruit.cpp(45,22): warning C4244: "=": konwersja z "double" do "GLfloat", możliwa utrata danych
C:\Users\Kacper\Desktop\Snake_2023\Fruit.cpp(46,38): warning C4244: "=": konwersja z "double" do "GLfloat", możliwa utrata danych
C:\Users\Kacper\Desktop\Snake_2023\Fruit.cpp(48,38): warning C4244: "=": konwersja z "double" do "GLfloat", możliwa utrata danych
C:\Users\Kacper\Desktop\Snake_2023\Fruit.cpp(49,39): warning C4244: "=": konwersja z "double" do "GLfloat", możliwa utrata danych
  Kwadrat.cpp
C:\Users\Kacper\Desktop\Snake_2023\Kwadrat.cpp(156,22): warning C4101: "y_other_square": lokalna zmienna, do której nie istnieje odwołanie
C:\Users\Kacper\Desktop\Snake_2023\Kwadrat.cpp(156,6): warning C4101: "x_other_square": lokalna zmienna, do której nie istnieje odwołanie
C:\Users\Kacper\Desktop\Snake_2023\Kwadrat.cpp(230,32): warning C4244: "=": konwersja z "double" do "GLfloat", możliwa utrata danych
C:\Users\Kacper\Desktop\Snake_2023\Kwadrat.cpp(231,37): warning C4244: "=": konwersja z "double" do "GLfloat", możliwa utrata danych
  Main.cpp
C:\Users\Kacper\Desktop\Snake_2023\Main.cpp(54,1): warning C4305: "inicjowanie": obcięcie z "double" do "GLfloat"
  Generowanie kodu...
C:\Users\Kacper\Desktop\Snake_2023\Main.cpp(413): warning C4715: "MoveSnake”: niewszystkie ścieżki kodu zwracają wartość
C:\Users\Kacper\Desktop\Snake_2023\Main.cpp(380): warning C4715: "addbricktosnake”: niewszystkie ścieżki kodu zwracają wartość
C:\Users\Kacper\Desktop\Snake_2023\Main.cpp(481): warning C4715: "Game_over_wall”: niewszystkie ścieżki kodu zwracają wartość
glfw3.lib(init.obj) : warning LNK4099: nie znaleziono pliku PDB "" z elementem "glfw3.lib(init.obj)" lub w pozycji ""; obiekt zostanie skonsolidowany bez informacji debugowania
glfw3.lib(window.obj) : warning LNK4099: nie znaleziono pliku PDB "" z elementem "glfw3.lib(window.obj)" lub w pozycji ""; obiekt zostanie skonsolidowany bez informacji debugowania
glfw3.lib(input.obj) : warning LNK4099: nie znaleziono pliku PDB "" z elementem "glfw3.lib(input.obj)" lub w pozycji ""; obiekt zostanie skonsolidowany bez informacji debugowania
glfw3.lib(context.obj) : warning LNK4099: nie znaleziono pliku PDB "" z elementem "glfw3.lib(context.obj)" lub w pozycji ""; obiekt zostanie skonsolidowany bez informacji debugowania
glfw3.lib(win32_init.obj) : warning LNK4099: nie znaleziono pliku PDB "" z elementem "glfw3.lib(win32_init.obj)" lub w pozycji ""; obiekt zostanie skonsolidowany bez informacji debugowania
glfw3.lib(win32_monitor.obj) : warning LNK4099: nie znaleziono pliku PDB "" z elementem "glfw3.lib(win32_monitor.obj)" lub w pozycji ""; obiekt zostanie skonsolidowany bez informacji debugowania
glfw3.lib(win32_time.obj) : warning LNK4099: nie znaleziono pliku PDB "" z elementem "glfw3.lib(win32_time.obj)" lub w pozycji ""; obiekt zostanie skonsolidowany bez informacji debugowania
glfw3.lib(win32_thread.obj) : warning LNK4099: nie znaleziono pliku PDB "" z elementem "glfw3.lib(win32_thread.obj)" lub w pozycji ""; obiekt zostanie skonsolidowany bez informacji debugowania
glfw3.lib(monitor.obj) : warning LNK4099: nie znaleziono pliku PDB "" z elementem "glfw3.lib(monitor.obj)" lub w pozycji ""; obiekt zostanie skonsolidowany bez informacji debugowania
glfw3.lib(vulkan.obj) : warning LNK4099: nie znaleziono pliku PDB "" z elementem "glfw3.lib(vulkan.obj)" lub w pozycji ""; obiekt zostanie skonsolidowany bez informacji debugowania
glfw3.lib(win32_window.obj) : warning LNK4099: nie znaleziono pliku PDB "" z elementem "glfw3.lib(win32_window.obj)" lub w pozycji ""; obiekt zostanie skonsolidowany bez informacji debugowania
glfw3.lib(win32_joystick.obj) : warning LNK4099: nie znaleziono pliku PDB "" z elementem "glfw3.lib(win32_joystick.obj)" lub w pozycji ""; obiekt zostanie skonsolidowany bez informacji debugowania
glfw3.lib(wgl_context.obj) : warning LNK4099: nie znaleziono pliku PDB "" z elementem "glfw3.lib(wgl_context.obj)" lub w pozycji ""; obiekt zostanie skonsolidowany bez informacji debugowania
glfw3.lib(egl_context.obj) : warning LNK4099: nie znaleziono pliku PDB "" z elementem "glfw3.lib(egl_context.obj)" lub w pozycji ""; obiekt zostanie skonsolidowany bez informacji debugowania
glfw3.lib(osmesa_context.obj) : warning LNK4099: nie znaleziono pliku PDB "" z elementem "glfw3.lib(osmesa_context.obj)" lub w pozycji ""; obiekt zostanie skonsolidowany bez informacji debugowania
  YoutubeOpenGL.vcxproj -> C:\Users\Kacper\Desktop\Snake_2023\x64\Debug\Snake01.exe
