c:\users\kacper\desktop\youtubeopengl 4 - organizing\x64\debug\vc143.pdb
c:\users\kacper\desktop\youtubeopengl 4 - organizing\x64\debug\vc143.idb
c:\users\kacper\desktop\youtubeopengl 4 - organizing\x64\debug\vbo.obj
c:\users\kacper\desktop\youtubeopengl 4 - organizing\x64\debug\vao.obj
c:\users\kacper\desktop\youtubeopengl 4 - organizing\x64\debug\shaderclass.obj
c:\users\kacper\desktop\youtubeopengl 4 - organizing\x64\debug\main.obj
c:\users\kacper\desktop\youtubeopengl 4 - organizing\x64\debug\kwadrat.obj
c:\users\kacper\desktop\youtubeopengl 4 - organizing\x64\debug\ebo.obj
c:\users\kacper\desktop\youtubeopengl 4 - organizing\x64\debug\glad.obj
c:\users\kacper\desktop\youtubeopengl 4 - organizing\x64\debug\fruit.obj
c:\users\kacper\desktop\youtubeopengl 4 - organizing\x64\debug\youtubeopengl.exe
c:\users\kacper\desktop\youtubeopengl 4 - organizing\x64\debug\youtubeopengl.ilk
c:\users\kacper\desktop\youtubeopengl 4 - organizing\x64\debug\youtubeopengl.pdb
c:\users\kacper\desktop\youtubeopengl 4 - organizing\x64\debug\kwadrat.obj.enc
c:\users\kacper\desktop\youtubeopengl 4 - organizing\x64\debug\main.obj.enc
c:\users\kacper\desktop\youtubeopengl 4 - organizing\x64\debug\youtubeopengl.tlog\cl.command.1.tlog
c:\users\kacper\desktop\youtubeopengl 4 - organizing\x64\debug\youtubeopengl.tlog\cl.read.1.tlog
c:\users\kacper\desktop\youtubeopengl 4 - organizing\x64\debug\youtubeopengl.tlog\cl.write.1.tlog
c:\users\kacper\desktop\youtubeopengl 4 - organizing\x64\debug\youtubeopengl.tlog\link.command.1.tlog
c:\users\kacper\desktop\youtubeopengl 4 - organizing\x64\debug\youtubeopengl.tlog\link.read.1.tlog
c:\users\kacper\desktop\youtubeopengl 4 - organizing\x64\debug\youtubeopengl.tlog\link.write.1.tlog
